c:\users\choyr\onedrive\바탕 화면\201211383_조영래_tetris\engine\release\vc140.pdb
c:\users\choyr\onedrive\바탕 화면\201211383_조영래_tetris\engine\release\vc140.idb
c:\users\choyr\onedrive\바탕 화면\201211383_조영래_tetris\engine\release\bitmapclass.obj
c:\users\choyr\onedrive\바탕 화면\201211383_조영래_tetris\engine\release\blocks.obj
c:\users\choyr\onedrive\바탕 화면\201211383_조영래_tetris\engine\release\cameraclass.obj
c:\users\choyr\onedrive\바탕 화면\201211383_조영래_tetris\engine\release\cpuclass.obj
c:\users\choyr\onedrive\바탕 화면\201211383_조영래_tetris\engine\release\d3dclass.obj
c:\users\choyr\onedrive\바탕 화면\201211383_조영래_tetris\engine\release\fontclass.obj
c:\users\choyr\onedrive\바탕 화면\201211383_조영래_tetris\engine\release\fontshaderclass.obj
c:\users\choyr\onedrive\바탕 화면\201211383_조영래_tetris\engine\release\fpsclass.obj
c:\users\choyr\onedrive\바탕 화면\201211383_조영래_tetris\engine\release\game.obj
c:\users\choyr\onedrive\바탕 화면\201211383_조영래_tetris\engine\release\graphicsclass.obj
c:\users\choyr\onedrive\바탕 화면\201211383_조영래_tetris\engine\release\inputclass.obj
c:\users\choyr\onedrive\바탕 화면\201211383_조영래_tetris\engine\release\main.obj
c:\users\choyr\onedrive\바탕 화면\201211383_조영래_tetris\engine\release\soundclass.obj
c:\users\choyr\onedrive\바탕 화면\201211383_조영래_tetris\engine\release\csound.obj
c:\users\choyr\onedrive\바탕 화면\201211383_조영래_tetris\engine\release\systemclass.obj
c:\users\choyr\onedrive\바탕 화면\201211383_조영래_tetris\engine\release\textclass.obj
c:\users\choyr\onedrive\바탕 화면\201211383_조영래_tetris\engine\release\textureclass.obj
c:\users\choyr\onedrive\바탕 화면\201211383_조영래_tetris\engine\release\textureshaderclass.obj
c:\users\choyr\onedrive\바탕 화면\201211383_조영래_tetris\engine\release\timerclass.obj
c:\users\choyr\onedrive\바탕 화면\201211383_조영래_tetris\release\engine.exe
c:\users\choyr\onedrive\바탕 화면\201211383_조영래_tetris\release\engine.pdb
c:\users\choyr\onedrive\바탕 화면\201211383_조영래_tetris\engine\release\engine.tlog\cl.command.1.tlog
c:\users\choyr\onedrive\바탕 화면\201211383_조영래_tetris\engine\release\engine.tlog\cl.read.1.tlog
c:\users\choyr\onedrive\바탕 화면\201211383_조영래_tetris\engine\release\engine.tlog\cl.write.1.tlog
c:\users\choyr\onedrive\바탕 화면\201211383_조영래_tetris\engine\release\engine.tlog\link.command.1.tlog
c:\users\choyr\onedrive\바탕 화면\201211383_조영래_tetris\engine\release\engine.tlog\link.read.1.tlog
c:\users\choyr\onedrive\바탕 화면\201211383_조영래_tetris\engine\release\engine.tlog\link.write.1.tlog
