c:\users\craig\desktop\dx11tut11\engine\engine\debug\bitmapclass.obj
c:\users\craig\desktop\dx11tut11\engine\engine\debug\cameraclass.obj
c:\users\craig\desktop\dx11tut11\engine\engine\debug\d3dclass.obj
c:\users\craig\desktop\dx11tut11\engine\engine\debug\graphicsclass.obj
c:\users\craig\desktop\dx11tut11\engine\engine\debug\inputclass.obj
c:\users\craig\desktop\dx11tut11\engine\engine\debug\main.obj
c:\users\craig\desktop\dx11tut11\engine\engine\debug\systemclass.obj
c:\users\craig\desktop\dx11tut11\engine\engine\debug\textureclass.obj
c:\users\craig\desktop\dx11tut11\engine\engine\debug\textureshaderclass.obj
c:\users\craig\desktop\dx11tut11\engine\engine\debug\vc100.pdb
c:\users\craig\desktop\dx11tut11\engine\debug\engine.ilk
c:\users\craig\desktop\dx11tut11\engine\debug\engine.exe
c:\users\craig\desktop\dx11tut11\engine\engine\debug\engine.exe.intermediate.manifest
c:\users\craig\desktop\dx11tut11\engine\debug\engine.pdb
c:\users\craig\desktop\dx11tut11\engine\engine\debug\engine.exe.embed.manifest
c:\users\craig\desktop\dx11tut11\engine\engine\debug\engine.exe.embed.manifest.res
c:\users\choyr\onedrive\바탕 화면\201211383_조영래_tetris\engine\debug\vc140.pdb
c:\users\choyr\onedrive\바탕 화면\201211383_조영래_tetris\engine\debug\vc140.idb
c:\users\choyr\onedrive\바탕 화면\201211383_조영래_tetris\engine\debug\bitmapclass.obj
c:\users\choyr\onedrive\바탕 화면\201211383_조영래_tetris\engine\debug\blocks.obj
c:\users\choyr\onedrive\바탕 화면\201211383_조영래_tetris\engine\debug\cameraclass.obj
c:\users\choyr\onedrive\바탕 화면\201211383_조영래_tetris\engine\debug\cpuclass.obj
c:\users\choyr\onedrive\바탕 화면\201211383_조영래_tetris\engine\debug\d3dclass.obj
c:\users\choyr\onedrive\바탕 화면\201211383_조영래_tetris\engine\debug\fontclass.obj
c:\users\choyr\onedrive\바탕 화면\201211383_조영래_tetris\engine\debug\fontshaderclass.obj
c:\users\choyr\onedrive\바탕 화면\201211383_조영래_tetris\engine\debug\fpsclass.obj
c:\users\choyr\onedrive\바탕 화면\201211383_조영래_tetris\engine\debug\game.obj
c:\users\choyr\onedrive\바탕 화면\201211383_조영래_tetris\engine\debug\graphicsclass.obj
c:\users\choyr\onedrive\바탕 화면\201211383_조영래_tetris\engine\debug\inputclass.obj
c:\users\choyr\onedrive\바탕 화면\201211383_조영래_tetris\engine\debug\main.obj
c:\users\choyr\onedrive\바탕 화면\201211383_조영래_tetris\engine\debug\soundclass.obj
c:\users\choyr\onedrive\바탕 화면\201211383_조영래_tetris\engine\debug\csound.obj
c:\users\choyr\onedrive\바탕 화면\201211383_조영래_tetris\engine\debug\systemclass.obj
c:\users\choyr\onedrive\바탕 화면\201211383_조영래_tetris\engine\debug\textclass.obj
c:\users\choyr\onedrive\바탕 화면\201211383_조영래_tetris\engine\debug\textureclass.obj
c:\users\choyr\onedrive\바탕 화면\201211383_조영래_tetris\engine\debug\textureshaderclass.obj
c:\users\choyr\onedrive\바탕 화면\201211383_조영래_tetris\engine\debug\timerclass.obj
c:\users\choyr\downloads\새 폴더\dx11tut11\engine\debug\engine.ilk
c:\users\choyr\downloads\새 폴더\dx11tut11\engine\debug\engine.exe
c:\users\choyr\downloads\새 폴더\dx11tut11\engine\debug\engine.pdb
c:\users\choyr\desktop\engine\debug\engine.ilk
c:\users\choyr\desktop\engine\debug\engine.exe
c:\users\choyr\desktop\engine\debug\engine.pdb
c:\users\choyr\desktop\201211383_조영래_tetris\debug\engine.ilk
c:\users\choyr\desktop\201211383_조영래_tetris\debug\engine.exe
c:\users\choyr\desktop\201211383_조영래_tetris\debug\engine.pdb
c:\users\choyr\onedrive\바탕 화면\201211383_조영래_tetris\debug\engine.ilk
c:\users\choyr\onedrive\바탕 화면\201211383_조영래_tetris\debug\engine.exe
c:\users\choyr\onedrive\바탕 화면\201211383_조영래_tetris\debug\engine.pdb
c:\users\choyr\onedrive\바탕 화면\201211383_조영래_tetris\engine\debug\soundplay.obj
c:\users\choyr\onedrive\바탕 화면\201211383_조영래_tetris\engine\debug\game.obj.enc
c:\users\choyr\onedrive\바탕 화면\201211383_조영래_tetris\engine\debug\cl.command.1.tlog
c:\users\choyr\onedrive\바탕 화면\201211383_조영래_tetris\engine\debug\cl.read.1.tlog
c:\users\choyr\onedrive\바탕 화면\201211383_조영래_tetris\engine\debug\cl.write.1.tlog
c:\users\choyr\onedrive\바탕 화면\201211383_조영래_tetris\engine\debug\link-cvtres.read.1.tlog
c:\users\choyr\onedrive\바탕 화면\201211383_조영래_tetris\engine\debug\link-cvtres.write.1.tlog
c:\users\choyr\onedrive\바탕 화면\201211383_조영래_tetris\engine\debug\link.2784-cvtres.read.1.tlog
c:\users\choyr\onedrive\바탕 화면\201211383_조영래_tetris\engine\debug\link.2784-cvtres.write.1.tlog
c:\users\choyr\onedrive\바탕 화면\201211383_조영래_tetris\engine\debug\link.2784.read.1.tlog
c:\users\choyr\onedrive\바탕 화면\201211383_조영래_tetris\engine\debug\link.2784.write.1.tlog
c:\users\choyr\onedrive\바탕 화면\201211383_조영래_tetris\engine\debug\link.command.1.tlog
c:\users\choyr\onedrive\바탕 화면\201211383_조영래_tetris\engine\debug\link.read.1.tlog
c:\users\choyr\onedrive\바탕 화면\201211383_조영래_tetris\engine\debug\link.write.1.tlog
c:\users\choyr\onedrive\바탕 화면\201211383_조영래_tetris\engine\debug\mt.command.1.tlog
c:\users\choyr\onedrive\바탕 화면\201211383_조영래_tetris\engine\debug\mt.read.1.tlog
c:\users\choyr\onedrive\바탕 화면\201211383_조영래_tetris\engine\debug\mt.write.1.tlog
c:\users\choyr\onedrive\바탕 화면\201211383_조영래_tetris\engine\debug\rc.command.1.tlog
c:\users\choyr\onedrive\바탕 화면\201211383_조영래_tetris\engine\debug\rc.read.1.tlog
c:\users\choyr\onedrive\바탕 화면\201211383_조영래_tetris\engine\debug\rc.write.1.tlog
c:\users\choyr\onedrive\바탕 화면\201211383_조영래_tetris\engine\debug\engine.exe.embed.manifest
c:\users\choyr\onedrive\바탕 화면\201211383_조영래_tetris\engine\debug\engine.exe.intermediate.manifest
c:\users\choyr\onedrive\바탕 화면\201211383_조영래_tetris\engine\debug\engine.exe.embed.manifest.res
c:\users\choyr\onedrive\바탕 화면\201211383_조영래_tetris\engine\debug\vc100.idb
c:\users\choyr\onedrive\바탕 화면\201211383_조영래_tetris\engine\debug\vc100.pdb
c:\users\choyr\onedrive\바탕 화면\201211383_조영래_tetris\engine\debug\engine_manifest.rc
c:\users\choyr\onedrive\바탕 화면\201211383_조영래_tetris\engine\debug\engine.tlog\cl.command.1.tlog
c:\users\choyr\onedrive\바탕 화면\201211383_조영래_tetris\engine\debug\engine.tlog\cl.read.1.tlog
c:\users\choyr\onedrive\바탕 화면\201211383_조영래_tetris\engine\debug\engine.tlog\cl.write.1.tlog
c:\users\choyr\onedrive\바탕 화면\201211383_조영래_tetris\engine\debug\engine.tlog\link.command.1.tlog
c:\users\choyr\onedrive\바탕 화면\201211383_조영래_tetris\engine\debug\engine.tlog\link.read.1.tlog
c:\users\choyr\onedrive\바탕 화면\201211383_조영래_tetris\engine\debug\engine.tlog\link.write.1.tlog
